{"/Users/sneharaj/Documents/Github Repos/Full_Stack_Web_Development/Projects/food_ordering_app/src/components/sum.js": {"path":"/Users/sneharaj/Documents/Github Repos/Full_Stack_Web_Development/Projects/food_ordering_app/src/components/sum.js","statementMap":{"0":{"start":{"line":1,"column":19},"end":{"line":3,"column":1}},"1":{"start":{"line":2,"column":4},"end":{"line":2,"column":15}}},"fnMap":{"0":{"name":"(anonymous_0)","decl":{"start":{"line":1,"column":19},"end":{"line":1,"column":20}},"loc":{"start":{"line":1,"column":27},"end":{"line":3,"column":1}},"line":1}},"branchMap":{},"s":{"0":1,"1":1},"f":{"0":1},"b":{},"_coverageSchema":"1a1c01bbd47fc00a2c39e90264f33305004495a9","hash":"38c65fce8c85d97e670c5bef1f11dd9329df32fa"}
}
